<?xml version="1.0" encoding="UTF-8"?>
<testng-results skipped="0" failed="1" ignored="0" total="5" passed="4">
  <reporter-output>
  </reporter-output>
  <suite name="Command line suite" duration-ms="272" started-at="2021-07-15T16:55:22Z" finished-at="2021-07-15T16:55:23Z">
    <groups>
      <group name="regressionTest">
        <method signature="CreateProductTest.createProductWithId()[pri:0, instance:com.crm.vtiger.ProductTest.CreateProductTest@1a407d53]" name="createProductWithId" class="com.crm.vtiger.ProductTest.CreateProductTest"/>
        <method signature="SearchProductTest.searchProductWithId()[pri:0, instance:com.crm.vtiger.ProductTest.SearchProductTest@3d8c7aca]" name="searchProductWithId" class="com.crm.vtiger.ProductTest.SearchProductTest"/>
      </group> <!-- regressionTest -->
      <group name="smokeTest">
        <method signature="CreateProductTest.createProductWithNameTest()[pri:0, instance:com.crm.vtiger.ProductTest.CreateProductTest@1a407d53]" name="createProductWithNameTest" class="com.crm.vtiger.ProductTest.CreateProductTest"/>
        <method signature="SearchProductTest.searchProductWithNameTest()[pri:0, instance:com.crm.vtiger.ProductTest.SearchProductTest@3d8c7aca]" name="searchProductWithNameTest" class="com.crm.vtiger.ProductTest.SearchProductTest"/>
      </group> <!-- smokeTest -->
    </groups>
    <test name="Command line test" duration-ms="272" started-at="2021-07-15T16:55:22Z" finished-at="2021-07-15T16:55:23Z">
      <class name="com.crm.vtiger.ProductTest.SearchProductTest">
        <test-method status="PASS" signature="searchProductWithId()[pri:0, instance:com.crm.vtiger.ProductTest.SearchProductTest@3d8c7aca]" name="searchProductWithId" duration-ms="3" started-at="2021-07-15T16:55:23Z" finished-at="2021-07-15T16:55:23Z">
          <reporter-output>
          </reporter-output>
        </test-method> <!-- searchProductWithId -->
        <test-method status="PASS" signature="searchProductWithNameTest()[pri:0, instance:com.crm.vtiger.ProductTest.SearchProductTest@3d8c7aca]" name="searchProductWithNameTest" duration-ms="1" started-at="2021-07-15T16:55:23Z" finished-at="2021-07-15T16:55:23Z">
          <reporter-output>
          </reporter-output>
        </test-method> <!-- searchProductWithNameTest -->
      </class> <!-- com.crm.vtiger.ProductTest.SearchProductTest -->
      <class name="com.crm.vtiger.ProductTest.CreateProductTest">
        <test-method status="PASS" signature="createProductWithId()[pri:0, instance:com.crm.vtiger.ProductTest.CreateProductTest@1a407d53]" name="createProductWithId" duration-ms="0" started-at="2021-07-15T16:55:23Z" finished-at="2021-07-15T16:55:23Z">
          <reporter-output>
          </reporter-output>
        </test-method> <!-- createProductWithId -->
        <test-method status="PASS" signature="createProductWithNameTest()[pri:0, instance:com.crm.vtiger.ProductTest.CreateProductTest@1a407d53]" name="createProductWithNameTest" duration-ms="1" started-at="2021-07-15T16:55:23Z" finished-at="2021-07-15T16:55:23Z">
          <reporter-output>
          </reporter-output>
        </test-method> <!-- createProductWithNameTest -->
      </class> <!-- com.crm.vtiger.ProductTest.CreateProductTest -->
      <class name="com.crm.vtiger.organisation.CreateOrgTest">
        <test-method status="FAIL" signature="createOrgTest()[pri:0, instance:com.crm.vtiger.organisation.CreateOrgTest@3498ed]" name="createOrgTest" duration-ms="22" started-at="2021-07-15T16:55:23Z" finished-at="2021-07-15T16:55:23Z">
          <exception class="java.lang.NullPointerException">
            <full-stacktrace>
              <![CDATA[java.lang.NullPointerException
at com.crm.vtiger.organisation.CreateOrgTest.createOrgTest(CreateOrgTest.java:21)
at sun.reflect.NativeMethodAccessorImpl.invoke0(Native Method)
at sun.reflect.NativeMethodAccessorImpl.invoke(NativeMethodAccessorImpl.java:62)
at sun.reflect.DelegatingMethodAccessorImpl.invoke(DelegatingMethodAccessorImpl.java:43)
at java.lang.reflect.Method.invoke(Method.java:498)
at org.testng.internal.MethodInvocationHelper.invokeMethod(MethodInvocationHelper.java:124)
at org.testng.internal.Invoker.invokeMethod(Invoker.java:583)
at org.testng.internal.Invoker.invokeTestMethod(Invoker.java:719)
at org.testng.internal.Invoker.invokeTestMethods(Invoker.java:989)
at org.testng.internal.TestMethodWorker.invokeTestMethods(TestMethodWorker.java:125)
at org.testng.internal.TestMethodWorker.run(TestMethodWorker.java:109)
at org.testng.TestRunner.privateRun(TestRunner.java:648)
at org.testng.TestRunner.run(TestRunner.java:505)
at org.testng.SuiteRunner.runTest(SuiteRunner.java:455)
at org.testng.SuiteRunner.runSequentially(SuiteRunner.java:450)
at org.testng.SuiteRunner.privateRun(SuiteRunner.java:415)
at org.testng.SuiteRunner.run(SuiteRunner.java:364)
at org.testng.SuiteRunnerWorker.runSuite(SuiteRunnerWorker.java:52)
at org.testng.SuiteRunnerWorker.run(SuiteRunnerWorker.java:84)
at org.testng.TestNG.runSuitesSequentially(TestNG.java:1208)
at org.testng.TestNG.runSuitesLocally(TestNG.java:1137)
at org.testng.TestNG.runSuites(TestNG.java:1049)
at org.testng.TestNG.run(TestNG.java:1017)
at org.apache.maven.surefire.testng.TestNGExecutor.run(TestNGExecutor.java:77)
at org.apache.maven.surefire.testng.TestNGDirectoryTestSuite.executeMulti(TestNGDirectoryTestSuite.java:159)
at org.apache.maven.surefire.testng.TestNGDirectoryTestSuite.execute(TestNGDirectoryTestSuite.java:99)
at org.apache.maven.surefire.testng.TestNGProvider.invoke(TestNGProvider.java:106)
at sun.reflect.NativeMethodAccessorImpl.invoke0(Native Method)
at sun.reflect.NativeMethodAccessorImpl.invoke(NativeMethodAccessorImpl.java:62)
at sun.reflect.DelegatingMethodAccessorImpl.invoke(DelegatingMethodAccessorImpl.java:43)
at java.lang.reflect.Method.invoke(Method.java:498)
at org.apache.maven.surefire.util.ReflectionUtils.invokeMethodWithArray(ReflectionUtils.java:189)
at org.apache.maven.surefire.booter.ProviderFactory$ProviderProxy.invoke(ProviderFactory.java:165)
at org.apache.maven.surefire.booter.ProviderFactory.invokeProvider(ProviderFactory.java:85)
at org.apache.maven.surefire.booter.ForkedBooter.runSuitesInProcess(ForkedBooter.java:115)
at org.apache.maven.surefire.booter.ForkedBooter.main(ForkedBooter.java:75)
]]>
            </full-stacktrace>
          </exception> <!-- java.lang.NullPointerException -->
          <reporter-output>
          </reporter-output>
        </test-method> <!-- createOrgTest -->
      </class> <!-- com.crm.vtiger.organisation.CreateOrgTest -->
    </test> <!-- Command line test -->
  </suite> <!-- Command line suite -->
</testng-results>
